Using pre-set license
Built from '2022.3/staging' branch; Version is '2022.3.16f1 (d2c21f0ef2f1) revision 13812255'; Using compiler version '192829333'; Build Type 'Release'
OS: 'Windows 10  (10.0.19045) 64bit Professional' Language: 'ru' Physical Memory: 15791 MB
BatchMode: 1, IsHumanControllingUs: 0, StartBugReporterOnCrash: 0, Is64bit: 1, IsPro: 1

COMMAND LINE ARGUMENTS:
C:\Program Files\Unity 2022.3.16f1\Editor\Unity.exe
-adb2
-batchMode
-noUpm
-name
AssetImportWorker0
-projectPath
C:/MW-Test-Project
-logFile
Logs/AssetImportWorker0.log
-srvPort
54684
Successfully changed project path to: C:/MW-Test-Project
C:/MW-Test-Project
[UnityMemory] Configuration Parameters - Can be set up in boot.config
    "memorysetup-bucket-allocator-granularity=16"
    "memorysetup-bucket-allocator-bucket-count=8"
    "memorysetup-bucket-allocator-block-size=33554432"
    "memorysetup-bucket-allocator-block-count=8"
    "memorysetup-main-allocator-block-size=16777216"
    "memorysetup-thread-allocator-block-size=16777216"
    "memorysetup-gfx-main-allocator-block-size=16777216"
    "memorysetup-gfx-thread-allocator-block-size=16777216"
    "memorysetup-cache-allocator-block-size=4194304"
    "memorysetup-typetree-allocator-block-size=2097152"
    "memorysetup-profiler-bucket-allocator-granularity=16"
    "memorysetup-profiler-bucket-allocator-bucket-count=8"
    "memorysetup-profiler-bucket-allocator-block-size=33554432"
    "memorysetup-profiler-bucket-allocator-block-count=8"
    "memorysetup-profiler-allocator-block-size=16777216"
    "memorysetup-profiler-editor-allocator-block-size=1048576"
    "memorysetup-temp-allocator-size-main=16777216"
    "memorysetup-job-temp-allocator-block-size=2097152"
    "memorysetup-job-temp-allocator-block-size-background=1048576"
    "memorysetup-job-temp-allocator-reduction-small-platforms=262144"
    "memorysetup-allocator-temp-initial-block-size-main=262144"
    "memorysetup-allocator-temp-initial-block-size-worker=262144"
    "memorysetup-temp-allocator-size-background-worker=32768"
    "memorysetup-temp-allocator-size-job-worker=262144"
    "memorysetup-temp-allocator-size-preload-manager=33554432"
    "memorysetup-temp-allocator-size-nav-mesh-worker=65536"
    "memorysetup-temp-allocator-size-audio-worker=65536"
    "memorysetup-temp-allocator-size-cloud-worker=32768"
    "memorysetup-temp-allocator-size-gi-baking-worker=262144"
    "memorysetup-temp-allocator-size-gfx=262144"
Player connection [14200] Host "[IP] 192.168.43.56 [Port] 0 [Flags] 2 [Guid] 413823775 [EditorId] 413823775 [Version] 1048832 [Id] WindowsEditor(7,DESKTOP-25Q7OJ7) [Debug] 1 [PackageName] WindowsEditor [ProjectName] Editor" joined multi-casting on [225.0.0.222:54997]...

Player connection [14200] Host "[IP] 192.168.43.56 [Port] 0 [Flags] 2 [Guid] 413823775 [EditorId] 413823775 [Version] 1048832 [Id] WindowsEditor(7,DESKTOP-25Q7OJ7) [Debug] 1 [PackageName] WindowsEditor [ProjectName] Editor" joined alternative multi-casting on [225.0.0.222:34997]...

[Physics::Module] Initialized MultithreadedJobDispatcher with 15 workers.
Refreshing native plugins compatible for Editor in 6.85 ms, found 3 plugins.
Preloading 0 native plugins for Editor in 0.00 ms.
Initialize engine version: 2022.3.16f1 (d2c21f0ef2f1)
[Subsystems] Discovering subsystems at path C:/Program Files/Unity 2022.3.16f1/Editor/Data/Resources/UnitySubsystems
[Subsystems] Discovering subsystems at path C:/MW-Test-Project/Assets
GfxDevice: creating device client; threaded=0; jobified=0
Direct3D:
    Version:  Direct3D 11.0 [level 11.1]
    Renderer: AMD Radeon(TM) Graphics (ID=0x1636)
    Vendor:   ATI
    VRAM:     7895 MB
    Driver:   30.0.13002.19003
Initialize mono
Mono path[0] = 'C:/Program Files/Unity 2022.3.16f1/Editor/Data/Managed'
Mono path[1] = 'C:/Program Files/Unity 2022.3.16f1/Editor/Data/MonoBleedingEdge/lib/mono/unityjit-win32'
Mono config path = 'C:/Program Files/Unity 2022.3.16f1/Editor/Data/MonoBleedingEdge/etc'
Using monoOptions --debugger-agent=transport=dt_socket,embedding=1,server=y,suspend=n,address=127.0.0.1:56848
Begin MonoManager ReloadAssembly
Registering precompiled unity dll's ...
Register platform support module: C:/Program Files/Unity 2022.3.16f1/Editor/Data/PlaybackEngines/WindowsStandaloneSupport/UnityEditor.WindowsStandalone.Extensions.dll
Registered in 0.008110 seconds.
- Loaded All Assemblies, in  0.374 seconds
Native extension for WindowsStandalone target not found
Mono: successfully reloaded assembly
- Finished resetting the current domain, in  0.280 seconds
Domain Reload Profiling: 652ms
	BeginReloadAssembly (120ms)
		ExecutionOrderSort (0ms)
		DisableScriptedObjects (0ms)
		BackupInstance (0ms)
		ReleaseScriptingObjects (0ms)
		CreateAndSetChildDomain (1ms)
	RebuildCommonClasses (45ms)
	RebuildNativeTypeToScriptingClass (12ms)
	initialDomainReloadingComplete (64ms)
	LoadAllAssembliesAndSetupDomain (131ms)
		LoadAssemblies (118ms)
		RebuildTransferFunctionScriptingTraits (0ms)
		AnalyzeDomain (129ms)
			TypeCache.Refresh (128ms)
				TypeCache.ScanAssembly (115ms)
			ScanForSourceGeneratedMonoScriptInfo (0ms)
			ResolveRequiredComponents (0ms)
	FinalizeReload (281ms)
		ReleaseScriptCaches (0ms)
		RebuildScriptCaches (0ms)
		SetupLoadedEditorAssemblies (221ms)
			LogAssemblyErrors (0ms)
			InitializePlatformSupportModulesInManaged (9ms)
			SetLoadedEditorAssemblies (8ms)
			RefreshPlugins (0ms)
			BeforeProcessingInitializeOnLoad (2ms)
			ProcessInitializeOnLoadAttributes (151ms)
			ProcessInitializeOnLoadMethodAttributes (51ms)
			AfterProcessingInitializeOnLoad (0ms)
			EditorAssembliesLoaded (0ms)
		ExecutionOrderSort2 (0ms)
		AwakeInstancesAfterBackupRestoration (0ms)
========================================================================
Worker process is ready to serve import requests
Begin MonoManager ReloadAssembly
- Loaded All Assemblies, in  0.620 seconds
Refreshing native plugins compatible for Editor in 2.60 ms, found 3 plugins.
Native extension for WindowsStandalone target not found
Package Manager log level set to [2]
[Package Manager] Server::EnsureServerProcessIsRunning -- launch failed, reason: Unity was launched with the -noUpm command-line argument
[Package Manager] UpmClient::Send -- Unable to send message (not connected to UPM process).
[Package Manager] Cannot connect to Unity Package Manager local server
Mono: successfully reloaded assembly
- Finished resetting the current domain, in  0.621 seconds
Domain Reload Profiling: 1239ms
	BeginReloadAssembly (147ms)
		ExecutionOrderSort (0ms)
		DisableScriptedObjects (5ms)
		BackupInstance (0ms)
		ReleaseScriptingObjects (0ms)
		CreateAndSetChildDomain (21ms)
	RebuildCommonClasses (33ms)
	RebuildNativeTypeToScriptingClass (10ms)
	initialDomainReloadingComplete (39ms)
	LoadAllAssembliesAndSetupDomain (388ms)
		LoadAssemblies (287ms)
		RebuildTransferFunctionScriptingTraits (0ms)
		AnalyzeDomain (188ms)
			TypeCache.Refresh (168ms)
				TypeCache.ScanAssembly (151ms)
			ScanForSourceGeneratedMonoScriptInfo (15ms)
			ResolveRequiredComponents (4ms)
	FinalizeReload (622ms)
		ReleaseScriptCaches (0ms)
		RebuildScriptCaches (0ms)
		SetupLoadedEditorAssemblies (455ms)
			LogAssemblyErrors (0ms)
			InitializePlatformSupportModulesInManaged (6ms)
			SetLoadedEditorAssemblies (5ms)
			RefreshPlugins (0ms)
			BeforeProcessingInitializeOnLoad (60ms)
			ProcessInitializeOnLoadAttributes (355ms)
			ProcessInitializeOnLoadMethodAttributes (22ms)
			AfterProcessingInitializeOnLoad (6ms)
			EditorAssembliesLoaded (0ms)
		ExecutionOrderSort2 (0ms)
		AwakeInstancesAfterBackupRestoration (9ms)
Launched and connected shader compiler UnityShaderCompiler.exe after 0.05 seconds
Refreshing native plugins compatible for Editor in 2.70 ms, found 3 plugins.
Preloading 0 native plugins for Editor in 0.00 ms.
Unloading 3094 Unused Serialized files (Serialized files now loaded: 0)
Unloading 32 unused Assets / (57.0 KB). Loaded Objects now: 3556.
Memory consumption went from 122.9 MB to 122.8 MB.
Total: 3.678400 ms (FindLiveObjects: 0.333700 ms CreateObjectMapping: 0.131200 ms MarkObjects: 3.005400 ms  DeleteObjects: 0.205000 ms)

AssetImportParameters requested are different than current active one (requested -> active):
  custom:container-demuxer-ogg: 62fdf1f143b41e24485cea50d1cbac27 -> 
  custom:video-decoder-ogg-theora: a1e56fd34408186e4bbccfd4996cb3dc -> 
  custom:framework-win-MediaFoundation: 216162199b28c13a410421893ffa2e32 -> 
  custom:CustomObjectIndexerAttribute: 43b350a4d6e6d1791af0b5038c4bea17 -> 
  custom:container-demuxer-webm: 4f35f7cbe854078d1ac9338744f61a02 -> 
  custom:container-muxer-webm: aa71ff27fc2769a1b78a27578f13a17b -> 
  custom:video-decoder-webm-vp8: 9c59270c3fd7afecdb556c50c9e8de78 -> 
  custom:SearchIndexIgnoredProperties: e643bd26f0fe6173181afceb89e7c659 -> 
  custom:AudioImporter_EditorPlatform: d09bf68614088b80899f8185d706f6e7 -> 
  custom:video-encoder-webm-vp8: eb34c28f22e8b96e1ab97ce403110664 -> 
  custom:audio-decoder-ogg-vorbis: bf7c407c2cedff20999df2af8eb42d56 -> 
  custom:audio-encoder-webm-vorbis: bf7c407c2cedff20999df2af8eb42d56 -> 
========================================================================
Received Import Request.
  Time since last request: 23685.747581 seconds.
  path: Assets/Prefabs/Buildings/Oil Rig
  artifactKey: Guid(82b011690ff96d04e81e16ef5ec91335) Importer(815301076,1909f56bfc062723c751e8b465ee728b)
Start importing Assets/Prefabs/Buildings/Oil Rig using Guid(82b011690ff96d04e81e16ef5ec91335) Importer(815301076,1909f56bfc062723c751e8b465ee728b)  -> (artifact id: 'e14560e5dedd327a991a50e04ad588e4') in 0.002604 seconds
Number of updated asset objects reloaded before import = 0
Number of asset objects unloaded after import = 0
========================================================================
Received Import Request.
  Time since last request: 8.280673 seconds.
  path: Assets/Prefabs/Buildings/Oil Rig/1 lvl
  artifactKey: Guid(38aaf9c16c9d53148b64f09367b118e2) Importer(815301076,1909f56bfc062723c751e8b465ee728b)
Start importing Assets/Prefabs/Buildings/Oil Rig/1 lvl using Guid(38aaf9c16c9d53148b64f09367b118e2) Importer(815301076,1909f56bfc062723c751e8b465ee728b)  -> (artifact id: '5216f6182455e049678904c639c6369e') in 0.000638 seconds
Number of updated asset objects reloaded before import = 0
Number of asset objects unloaded after import = 0
========================================================================
Received Import Request.
  Time since last request: 6.946201 seconds.
  path: Assets/Prefabs/Buildings/Oil Rig/2 lvl
  artifactKey: Guid(f506af61e6b798743827b694c28e206d) Importer(815301076,1909f56bfc062723c751e8b465ee728b)
Start importing Assets/Prefabs/Buildings/Oil Rig/2 lvl using Guid(f506af61e6b798743827b694c28e206d) Importer(815301076,1909f56bfc062723c751e8b465ee728b)  -> (artifact id: 'abc84e3d40c01e761984753465383a9b') in 0.000519 seconds
Number of updated asset objects reloaded before import = 0
Number of asset objects unloaded after import = 0
========================================================================
Received Import Request.
  Time since last request: 3.977040 seconds.
  path: Assets/Prefabs/Buildings/Oil Rig/3 lvl
  artifactKey: Guid(76c2f07458a683041b47290fd95e338e) Importer(815301076,1909f56bfc062723c751e8b465ee728b)
Start importing Assets/Prefabs/Buildings/Oil Rig/3 lvl using Guid(76c2f07458a683041b47290fd95e338e) Importer(815301076,1909f56bfc062723c751e8b465ee728b)  -> (artifact id: 'd5cf82f96dbd417d8a60c55e4773294a') in 0.000598 seconds
Number of updated asset objects reloaded before import = 0
Number of asset objects unloaded after import = 0
========================================================================
Received Import Request.
  Time since last request: 37.095858 seconds.
  path: Assets/Prefabs/Buildings/Oil Rig/1 lvl/Materials
  artifactKey: Guid(3686d10975c841d4fa5f0094395e2121) Importer(815301076,1909f56bfc062723c751e8b465ee728b)
Start importing Assets/Prefabs/Buildings/Oil Rig/1 lvl/Materials using Guid(3686d10975c841d4fa5f0094395e2121) Importer(815301076,1909f56bfc062723c751e8b465ee728b)  -> (artifact id: 'f3fc2a0b45dea0c28b170534d208b358') in 0.000563 seconds
Number of updated asset objects reloaded before import = 0
Number of asset objects unloaded after import = 0
========================================================================
Received Import Request.
  Time since last request: 7.840593 seconds.
  path: Assets/Prefabs/Buildings/Oil Rig/2 lvl/Materials
  artifactKey: Guid(f898e05b518c5804a827e9f5b51c3b37) Importer(815301076,1909f56bfc062723c751e8b465ee728b)
Start importing Assets/Prefabs/Buildings/Oil Rig/2 lvl/Materials using Guid(f898e05b518c5804a827e9f5b51c3b37) Importer(815301076,1909f56bfc062723c751e8b465ee728b)  -> (artifact id: '4e66f09a44dbb9f544f2ea9d25eae87f') in 0.000407 seconds
Number of updated asset objects reloaded before import = 0
Number of asset objects unloaded after import = 0
========================================================================
Received Import Request.
  Time since last request: 4.221526 seconds.
  path: Assets/Prefabs/Buildings/Oil Rig/3 lvl/Materials
  artifactKey: Guid(7dca877e31f86754baca6c00c501930b) Importer(815301076,1909f56bfc062723c751e8b465ee728b)
Start importing Assets/Prefabs/Buildings/Oil Rig/3 lvl/Materials using Guid(7dca877e31f86754baca6c00c501930b) Importer(815301076,1909f56bfc062723c751e8b465ee728b)  -> (artifact id: '8e743af34f44c671658d7e5202c0542a') in 0.000507 seconds
Number of updated asset objects reloaded before import = 0
Number of asset objects unloaded after import = 0
========================================================================
Received Import Request.
  Time since last request: 3.011486 seconds.
  path: Assets/Prefabs/Buildings/Oil Rig 1
  artifactKey: Guid(8eb87b3aef88bcb478996b7b455811cd) Importer(815301076,1909f56bfc062723c751e8b465ee728b)
Start importing Assets/Prefabs/Buildings/Oil Rig 1 using Guid(8eb87b3aef88bcb478996b7b455811cd) Importer(815301076,1909f56bfc062723c751e8b465ee728b)  -> (artifact id: 'bd1e2499dc2715698822dcaf26a00f81') in 0.000443 seconds
Number of updated asset objects reloaded before import = 0
Number of asset objects unloaded after import = 0
========================================================================
Received Import Request.
  Time since last request: 10.630735 seconds.
  path: Assets/Prefabs/Buildings/Petrol Plant
  artifactKey: Guid(8eb87b3aef88bcb478996b7b455811cd) Importer(815301076,1909f56bfc062723c751e8b465ee728b)
Start importing Assets/Prefabs/Buildings/Petrol Plant using Guid(8eb87b3aef88bcb478996b7b455811cd) Importer(815301076,1909f56bfc062723c751e8b465ee728b)  -> (artifact id: '828babf510cdd166f9e7bd9b3324d66d') in 0.000423 seconds
Number of updated asset objects reloaded before import = 0
Number of asset objects unloaded after import = 0
========================================================================
Received Import Request.
  Time since last request: 1.874100 seconds.
  path: Assets/Prefabs/Buildings/Petrol Plant/1 lvl
  artifactKey: Guid(7ff9624f3322bd3468d95b11add15c9d) Importer(815301076,1909f56bfc062723c751e8b465ee728b)
Start importing Assets/Prefabs/Buildings/Petrol Plant/1 lvl using Guid(7ff9624f3322bd3468d95b11add15c9d) Importer(815301076,1909f56bfc062723c751e8b465ee728b)  -> (artifact id: 'fb9a64881206b46de099887f99df1d01') in 0.000665 seconds
Number of updated asset objects reloaded before import = 0
Number of asset objects unloaded after import = 0
========================================================================
Received Import Request.
  Time since last request: 12.390918 seconds.
  path: Assets/Prefabs/Buildings/Oil Rig/1 lvl/Materials/Oil Rg 1lvl-0.obj
  artifactKey: Guid(da47adea38a876c47bab2769b215c609) Importer(815301076,1909f56bfc062723c751e8b465ee728b)
Start importing Assets/Prefabs/Buildings/Oil Rig/1 lvl/Materials/Oil Rg 1lvl-0.obj using Guid(da47adea38a876c47bab2769b215c609) Importer(815301076,1909f56bfc062723c751e8b465ee728b)  -> (artifact id: '7c53734174b547a3bf80f2d3e763dada') in 0.150339 seconds
Number of updated asset objects reloaded before import = 0
Number of asset objects unloaded after import = 10
========================================================================
Received Import Request.
  Time since last request: 60.400350 seconds.
  path: Assets/Prefabs/Buildings/Oil Rig/1 lvl/Materials/Oil Rg 1lvl-0.mtl
  artifactKey: Guid(e2cb4e53a36618549a24ffadba2a366e) Importer(815301076,1909f56bfc062723c751e8b465ee728b)
Start importing Assets/Prefabs/Buildings/Oil Rig/1 lvl/Materials/Oil Rg 1lvl-0.mtl using Guid(e2cb4e53a36618549a24ffadba2a366e) Importer(815301076,1909f56bfc062723c751e8b465ee728b)  -> (artifact id: 'e6fc028076fa0b64e5617bc27b7dc5f5') in 0.000975 seconds
Number of updated asset objects reloaded before import = 0
Number of asset objects unloaded after import = 1
========================================================================
Received Import Request.
  Time since last request: 33.221972 seconds.
  path: Assets/Prefabs/Buildings/Oil Rig/TEMP OIL
  artifactKey: Guid(6f7d9948bee58f44cbcc39da445caaa4) Importer(815301076,1909f56bfc062723c751e8b465ee728b)
Start importing Assets/Prefabs/Buildings/Oil Rig/TEMP OIL using Guid(6f7d9948bee58f44cbcc39da445caaa4) Importer(815301076,1909f56bfc062723c751e8b465ee728b)  -> (artifact id: '032954ca5a03e0bc6bfff7f558b48105') in 0.000431 seconds
Number of updated asset objects reloaded before import = 0
Number of asset objects unloaded after import = 0
========================================================================
Received Import Request.
  Time since last request: 44.179685 seconds.
  path: Assets/Prefabs/Buildings/Oil Rig/TEMP OIL/Sphere.prefab
  artifactKey: Guid(4fa3d2b3bf903f943b1c8b9358f3a548) Importer(815301076,1909f56bfc062723c751e8b465ee728b)
Start importing Assets/Prefabs/Buildings/Oil Rig/TEMP OIL/Sphere.prefab using Guid(4fa3d2b3bf903f943b1c8b9358f3a548) Importer(815301076,1909f56bfc062723c751e8b465ee728b)  -> (artifact id: 'edc85a07bb7fdbe9192805ee081003ce') in 0.015653 seconds
Number of updated asset objects reloaded before import = 0
Number of asset objects unloaded after import = 7
========================================================================
Received Import Request.
  Time since last request: 12.580938 seconds.
  path: Assets/Prefabs/Buildings/Oil Rig/TEMP OIL/Oil Rig.prefab
  artifactKey: Guid(4fa3d2b3bf903f943b1c8b9358f3a548) Importer(815301076,1909f56bfc062723c751e8b465ee728b)
Start importing Assets/Prefabs/Buildings/Oil Rig/TEMP OIL/Oil Rig.prefab using Guid(4fa3d2b3bf903f943b1c8b9358f3a548) Importer(815301076,1909f56bfc062723c751e8b465ee728b)  -> (artifact id: '1780f3ac5f97854e5d0429233d4eefcd') in 0.006625 seconds
Number of updated asset objects reloaded before import = 0
Number of asset objects unloaded after import = 7
========================================================================
Received Import Request.
  Time since last request: 9.991972 seconds.
  path: Assets/Prefabs/Buildings/Petrol Plant 1
  artifactKey: Guid(859decc25d83ab2418184c4923217a65) Importer(815301076,1909f56bfc062723c751e8b465ee728b)
Start importing Assets/Prefabs/Buildings/Petrol Plant 1 using Guid(859decc25d83ab2418184c4923217a65) Importer(815301076,1909f56bfc062723c751e8b465ee728b)  -> (artifact id: '54e697e607b05a84601ca0a9ea65c282') in 0.000404 seconds
Number of updated asset objects reloaded before import = 0
Number of asset objects unloaded after import = 0
========================================================================
Received Import Request.
  Time since last request: 4.603668 seconds.
  path: Assets/Prefabs/Buildings/Bank
  artifactKey: Guid(859decc25d83ab2418184c4923217a65) Importer(815301076,1909f56bfc062723c751e8b465ee728b)
Start importing Assets/Prefabs/Buildings/Bank using Guid(859decc25d83ab2418184c4923217a65) Importer(815301076,1909f56bfc062723c751e8b465ee728b)  -> (artifact id: '8fdc8be2212f9d777d02c07b0156dadc') in 0.000427 seconds
Number of updated asset objects reloaded before import = 0
Number of asset objects unloaded after import = 0
========================================================================
Received Import Request.
  Time since last request: 6.729013 seconds.
  path: Assets/Prefabs/Buildings/Petrol Plant/TEMP PETROL
  artifactKey: Guid(09076805c9ca1dc468783089146d6938) Importer(815301076,1909f56bfc062723c751e8b465ee728b)
Start importing Assets/Prefabs/Buildings/Petrol Plant/TEMP PETROL using Guid(09076805c9ca1dc468783089146d6938) Importer(815301076,1909f56bfc062723c751e8b465ee728b)  -> (artifact id: '99bbf3a84898c10fc1be898149843bab') in 0.000643 seconds
Number of updated asset objects reloaded before import = 0
Number of asset objects unloaded after import = 0
========================================================================
Received Import Request.
  Time since last request: 10.518010 seconds.
  path: Assets/Prefabs/Buildings/Petrol Plant/TEMP PETROL/Cylinder.prefab
  artifactKey: Guid(dc337e0e12b836f41aded61826067da7) Importer(815301076,1909f56bfc062723c751e8b465ee728b)
Start importing Assets/Prefabs/Buildings/Petrol Plant/TEMP PETROL/Cylinder.prefab using Guid(dc337e0e12b836f41aded61826067da7) Importer(815301076,1909f56bfc062723c751e8b465ee728b)  -> (artifact id: '8e551ba72476fab0c9e4d7325f308dfb') in 0.011884 seconds
Number of updated asset objects reloaded before import = 0
Number of asset objects unloaded after import = 7
========================================================================
Received Import Request.
  Time since last request: 8.512497 seconds.
  path: Assets/Prefabs/Buildings/Petrol Plant/TEMP PETROL/Petrol plant.prefab
  artifactKey: Guid(dc337e0e12b836f41aded61826067da7) Importer(815301076,1909f56bfc062723c751e8b465ee728b)
Start importing Assets/Prefabs/Buildings/Petrol Plant/TEMP PETROL/Petrol plant.prefab using Guid(dc337e0e12b836f41aded61826067da7) Importer(815301076,1909f56bfc062723c751e8b465ee728b)  -> (artifact id: 'e3c9eb6a4e285bf2bcfcc7a55e5a536e') in 0.006254 seconds
Number of updated asset objects reloaded before import = 0
Number of asset objects unloaded after import = 7
========================================================================
Received Import Request.
  Time since last request: 10.315811 seconds.
  path: Assets/Prefabs/Buildings/Bank/TEMP BANK
  artifactKey: Guid(0c2b436d74d85a849b0f522b2f24e88c) Importer(815301076,1909f56bfc062723c751e8b465ee728b)
Start importing Assets/Prefabs/Buildings/Bank/TEMP BANK using Guid(0c2b436d74d85a849b0f522b2f24e88c) Importer(815301076,1909f56bfc062723c751e8b465ee728b)  -> (artifact id: 'df134ee0b36fb980ae174bd76fbf7d88') in 0.000586 seconds
Number of updated asset objects reloaded before import = 0
Number of asset objects unloaded after import = 0
========================================================================
Received Import Request.
  Time since last request: 81.570872 seconds.
  path: Assets/Prefabs/Buildings/Bank/TEMP BANK/Cube.prefab
  artifactKey: Guid(d70f591c4190c0645a3328eb4104b2a9) Importer(815301076,1909f56bfc062723c751e8b465ee728b)
Start importing Assets/Prefabs/Buildings/Bank/TEMP BANK/Cube.prefab using Guid(d70f591c4190c0645a3328eb4104b2a9) Importer(815301076,1909f56bfc062723c751e8b465ee728b)  -> (artifact id: '998af6a33bb48396447b1b6913333e79') in 0.011647 seconds
Number of updated asset objects reloaded before import = 0
Number of asset objects unloaded after import = 12
========================================================================
Received Import Request.
  Time since last request: 8.427876 seconds.
  path: Assets/Prefabs/Buildings/Bank/TEMP BANK/Bank.prefab
  artifactKey: Guid(d70f591c4190c0645a3328eb4104b2a9) Importer(815301076,1909f56bfc062723c751e8b465ee728b)
Start importing Assets/Prefabs/Buildings/Bank/TEMP BANK/Bank.prefab using Guid(d70f591c4190c0645a3328eb4104b2a9) Importer(815301076,1909f56bfc062723c751e8b465ee728b)  -> (artifact id: '402908d2045a2da48d770a7d068a28f6') in 0.006036 seconds
Number of updated asset objects reloaded before import = 0
Number of asset objects unloaded after import = 12
========================================================================
Received Import Request.
  Time since last request: 151.632643 seconds.
  path: Assets/Prefabs/Buildings/Petrol Plant/TEMP PETROL/Petrol plant.prefab
  artifactKey: Guid(dc337e0e12b836f41aded61826067da7) Importer(815301076,1909f56bfc062723c751e8b465ee728b)
Start importing Assets/Prefabs/Buildings/Petrol Plant/TEMP PETROL/Petrol plant.prefab using Guid(dc337e0e12b836f41aded61826067da7) Importer(815301076,1909f56bfc062723c751e8b465ee728b)  -> (artifact id: 'd41f498de8580053f822b5e5b39ee18f') in 0.006668 seconds
Number of updated asset objects reloaded before import = 0
Number of asset objects unloaded after import = 8
========================================================================
Received Import Request.
  Time since last request: 6.649109 seconds.
  path: Assets/Prefabs/Buildings/Petrol Plant/TEMP PETROL/Petrol plant.prefab
  artifactKey: Guid(dc337e0e12b836f41aded61826067da7) Importer(815301076,1909f56bfc062723c751e8b465ee728b)
Start importing Assets/Prefabs/Buildings/Petrol Plant/TEMP PETROL/Petrol plant.prefab using Guid(dc337e0e12b836f41aded61826067da7) Importer(815301076,1909f56bfc062723c751e8b465ee728b)  -> (artifact id: '25eb5b1dd26bef6ec03f752fb8c32f03') in 0.005954 seconds
Number of updated asset objects reloaded before import = 0
Number of asset objects unloaded after import = 8
========================================================================
Received Import Request.
  Time since last request: 1.099746 seconds.
  path: Assets/Prefabs/Buildings/Petrol Plant/TEMP PETROL/Petrol plant.prefab
  artifactKey: Guid(dc337e0e12b836f41aded61826067da7) Importer(815301076,1909f56bfc062723c751e8b465ee728b)
Start importing Assets/Prefabs/Buildings/Petrol Plant/TEMP PETROL/Petrol plant.prefab using Guid(dc337e0e12b836f41aded61826067da7) Importer(815301076,1909f56bfc062723c751e8b465ee728b)  -> (artifact id: '263e0d212575a39b7c6e77712f6286d4') in 0.006402 seconds
Number of updated asset objects reloaded before import = 0
Number of asset objects unloaded after import = 8
========================================================================
Received Import Request.
  Time since last request: 13.960629 seconds.
  path: Assets/Prefabs/Buildings/Oil Rig/TEMP OIL/Oil Rig.prefab
  artifactKey: Guid(4fa3d2b3bf903f943b1c8b9358f3a548) Importer(815301076,1909f56bfc062723c751e8b465ee728b)
Start importing Assets/Prefabs/Buildings/Oil Rig/TEMP OIL/Oil Rig.prefab using Guid(4fa3d2b3bf903f943b1c8b9358f3a548) Importer(815301076,1909f56bfc062723c751e8b465ee728b)  -> (artifact id: '00aa91c6b980ec4260ef6a6c4cd86940') in 0.006200 seconds
Number of updated asset objects reloaded before import = 0
Number of asset objects unloaded after import = 8
========================================================================
Received Import Request.
  Time since last request: 12.196810 seconds.
  path: Assets/Prefabs/Buildings/Oil Rig/TEMP OIL/Oil Rig.prefab
  artifactKey: Guid(4fa3d2b3bf903f943b1c8b9358f3a548) Importer(815301076,1909f56bfc062723c751e8b465ee728b)
Start importing Assets/Prefabs/Buildings/Oil Rig/TEMP OIL/Oil Rig.prefab using Guid(4fa3d2b3bf903f943b1c8b9358f3a548) Importer(815301076,1909f56bfc062723c751e8b465ee728b)  -> (artifact id: 'a3886f2dfc083bd03b922ea57a4508aa') in 0.006186 seconds
Number of updated asset objects reloaded before import = 0
Number of asset objects unloaded after import = 8
========================================================================
Received Import Request.
  Time since last request: 14.677602 seconds.
  path: Assets/Prefabs/Buildings/Bank/TEMP BANK/Bank.prefab
  artifactKey: Guid(d70f591c4190c0645a3328eb4104b2a9) Importer(815301076,1909f56bfc062723c751e8b465ee728b)
Start importing Assets/Prefabs/Buildings/Bank/TEMP BANK/Bank.prefab using Guid(d70f591c4190c0645a3328eb4104b2a9) Importer(815301076,1909f56bfc062723c751e8b465ee728b)  -> (artifact id: '3df1d68427440274c3ac63d3a8f1eab6') in 0.007166 seconds
Number of updated asset objects reloaded before import = 0
Number of asset objects unloaded after import = 13
========================================================================
Received Import Request.
  Time since last request: 5.485888 seconds.
  path: Assets/Prefabs/Buildings/Bank/TEMP BANK/Bank.prefab
  artifactKey: Guid(d70f591c4190c0645a3328eb4104b2a9) Importer(815301076,1909f56bfc062723c751e8b465ee728b)
Start importing Assets/Prefabs/Buildings/Bank/TEMP BANK/Bank.prefab using Guid(d70f591c4190c0645a3328eb4104b2a9) Importer(815301076,1909f56bfc062723c751e8b465ee728b)  -> (artifact id: '21df7591e3e0a5b1ad000c294fe24e29') in 0.006083 seconds
Number of updated asset objects reloaded before import = 0
Number of asset objects unloaded after import = 13
========================================================================
Received Import Request.
  Time since last request: 1.868074 seconds.
  path: Assets/Prefabs/Buildings/Bank/TEMP BANK/Bank.prefab
  artifactKey: Guid(d70f591c4190c0645a3328eb4104b2a9) Importer(815301076,1909f56bfc062723c751e8b465ee728b)
Start importing Assets/Prefabs/Buildings/Bank/TEMP BANK/Bank.prefab using Guid(d70f591c4190c0645a3328eb4104b2a9) Importer(815301076,1909f56bfc062723c751e8b465ee728b)  -> (artifact id: '027f7a659e3a676b1a3d65e652bdea0a') in 0.006257 seconds
Number of updated asset objects reloaded before import = 0
Number of asset objects unloaded after import = 13
========================================================================
Received Import Request.
  Time since last request: 27.900476 seconds.
  path: Assets/Prefabs/Buildings/Oil Rig/TEMP OIL/Oil Rig.prefab
  artifactKey: Guid(4fa3d2b3bf903f943b1c8b9358f3a548) Importer(815301076,1909f56bfc062723c751e8b465ee728b)
Start importing Assets/Prefabs/Buildings/Oil Rig/TEMP OIL/Oil Rig.prefab using Guid(4fa3d2b3bf903f943b1c8b9358f3a548) Importer(815301076,1909f56bfc062723c751e8b465ee728b)  -> (artifact id: 'd48676180b389def277f848169b5fa7a') in 0.006850 seconds
Number of updated asset objects reloaded before import = 0
Number of asset objects unloaded after import = 9
========================================================================
Received Import Request.
  Time since last request: 14.193630 seconds.
  path: Assets/Prefabs/Buildings/Petrol Plant/TEMP PETROL/Petrol plant.prefab
  artifactKey: Guid(dc337e0e12b836f41aded61826067da7) Importer(815301076,1909f56bfc062723c751e8b465ee728b)
Start importing Assets/Prefabs/Buildings/Petrol Plant/TEMP PETROL/Petrol plant.prefab using Guid(dc337e0e12b836f41aded61826067da7) Importer(815301076,1909f56bfc062723c751e8b465ee728b)  -> (artifact id: '027beae4410f8dbd637370c2adf47262') in 0.006006 seconds
Number of updated asset objects reloaded before import = 0
Number of asset objects unloaded after import = 9
========================================================================
Received Import Request.
  Time since last request: 13.816656 seconds.
  path: Assets/Prefabs/Buildings/Bank/TEMP BANK/Bank.prefab
  artifactKey: Guid(d70f591c4190c0645a3328eb4104b2a9) Importer(815301076,1909f56bfc062723c751e8b465ee728b)
Start importing Assets/Prefabs/Buildings/Bank/TEMP BANK/Bank.prefab using Guid(d70f591c4190c0645a3328eb4104b2a9) Importer(815301076,1909f56bfc062723c751e8b465ee728b)  -> (artifact id: '8b2a751888996c87e56c8723d81a8f44') in 0.006131 seconds
Number of updated asset objects reloaded before import = 0
Number of asset objects unloaded after import = 14
========================================================================
Received Prepare
Begin MonoManager ReloadAssembly
- Loaded All Assemblies, in  0.398 seconds
Refreshing native plugins compatible for Editor in 2.47 ms, found 3 plugins.
Native extension for WindowsStandalone target not found
[Package Manager] Server::EnsureServerProcessIsRunning -- launch failed, reason: Unity was launched with the -noUpm command-line argument
[Package Manager] UpmClient::Send -- Unable to send message (not connected to UPM process).
[Package Manager] Cannot connect to Unity Package Manager local server
Mono: successfully reloaded assembly
- Finished resetting the current domain, in  0.834 seconds
Domain Reload Profiling: 1230ms
	BeginReloadAssembly (142ms)
		ExecutionOrderSort (0ms)
		DisableScriptedObjects (4ms)
		BackupInstance (0ms)
		ReleaseScriptingObjects (0ms)
		CreateAndSetChildDomain (32ms)
	RebuildCommonClasses (32ms)
	RebuildNativeTypeToScriptingClass (11ms)
	initialDomainReloadingComplete (28ms)
	LoadAllAssembliesAndSetupDomain (182ms)
		LoadAssemblies (248ms)
		RebuildTransferFunctionScriptingTraits (0ms)
		AnalyzeDomain (10ms)
			TypeCache.Refresh (4ms)
				TypeCache.ScanAssembly (0ms)
			ScanForSourceGeneratedMonoScriptInfo (0ms)
			ResolveRequiredComponents (4ms)
	FinalizeReload (834ms)
		ReleaseScriptCaches (0ms)
		RebuildScriptCaches (0ms)
		SetupLoadedEditorAssemblies (407ms)
			LogAssemblyErrors (0ms)
			InitializePlatformSupportModulesInManaged (7ms)
			SetLoadedEditorAssemblies (6ms)
			RefreshPlugins (0ms)
			BeforeProcessingInitializeOnLoad (58ms)
			ProcessInitializeOnLoadAttributes (310ms)
			ProcessInitializeOnLoadMethodAttributes (20ms)
			AfterProcessingInitializeOnLoad (7ms)
			EditorAssembliesLoaded (0ms)
		ExecutionOrderSort2 (0ms)
		AwakeInstancesAfterBackupRestoration (9ms)
Refreshing native plugins compatible for Editor in 2.76 ms, found 3 plugins.
Preloading 0 native plugins for Editor in 0.00 ms.
Unloading 3086 Unused Serialized files (Serialized files now loaded: 0)
Unloading 22 unused Assets / (30.2 KB). Loaded Objects now: 3607.
Memory consumption went from 128.5 MB to 128.4 MB.
Total: 4.687900 ms (FindLiveObjects: 0.611600 ms CreateObjectMapping: 0.163300 ms MarkObjects: 3.858500 ms  DeleteObjects: 0.051900 ms)

Prepare: number of updated asset objects reloaded= 0
AssetImportParameters requested are different than current active one (requested -> active):
  custom:container-demuxer-ogg: 62fdf1f143b41e24485cea50d1cbac27 -> 
  custom:video-decoder-ogg-theora: a1e56fd34408186e4bbccfd4996cb3dc -> 
  custom:framework-win-MediaFoundation: 216162199b28c13a410421893ffa2e32 -> 
  custom:CustomObjectIndexerAttribute: 43b350a4d6e6d1791af0b5038c4bea17 -> 
  custom:container-demuxer-webm: 4f35f7cbe854078d1ac9338744f61a02 -> 
  custom:container-muxer-webm: aa71ff27fc2769a1b78a27578f13a17b -> 
  custom:video-decoder-webm-vp8: 9c59270c3fd7afecdb556c50c9e8de78 -> 
  custom:SearchIndexIgnoredProperties: e643bd26f0fe6173181afceb89e7c659 -> 
  custom:AudioImporter_EditorPlatform: d09bf68614088b80899f8185d706f6e7 -> 
  custom:video-encoder-webm-vp8: eb34c28f22e8b96e1ab97ce403110664 -> 
  custom:audio-decoder-ogg-vorbis: bf7c407c2cedff20999df2af8eb42d56 -> 
  custom:audio-encoder-webm-vorbis: bf7c407c2cedff20999df2af8eb42d56 -> 
========================================================================
Received Prepare
Begin MonoManager ReloadAssembly
- Loaded All Assemblies, in  0.407 seconds
Refreshing native plugins compatible for Editor in 2.52 ms, found 3 plugins.
Native extension for WindowsStandalone target not found
[Package Manager] Server::EnsureServerProcessIsRunning -- launch failed, reason: Unity was launched with the -noUpm command-line argument
[Package Manager] UpmClient::Send -- Unable to send message (not connected to UPM process).
[Package Manager] Cannot connect to Unity Package Manager local server
Mono: successfully reloaded assembly
- Finished resetting the current domain, in  0.829 seconds
Domain Reload Profiling: 1234ms
	BeginReloadAssembly (156ms)
		ExecutionOrderSort (0ms)
		DisableScriptedObjects (6ms)
		BackupInstance (0ms)
		ReleaseScriptingObjects (0ms)
		CreateAndSetChildDomain (31ms)
	RebuildCommonClasses (32ms)
	RebuildNativeTypeToScriptingClass (11ms)
	initialDomainReloadingComplete (26ms)
	LoadAllAssembliesAndSetupDomain (179ms)
		LoadAssemblies (247ms)
		RebuildTransferFunctionScriptingTraits (0ms)
		AnalyzeDomain (10ms)
			TypeCache.Refresh (5ms)
				TypeCache.ScanAssembly (0ms)
			ScanForSourceGeneratedMonoScriptInfo (0ms)
			ResolveRequiredComponents (4ms)
	FinalizeReload (829ms)
		ReleaseScriptCaches (0ms)
		RebuildScriptCaches (0ms)
		SetupLoadedEditorAssemblies (396ms)
			LogAssemblyErrors (0ms)
			InitializePlatformSupportModulesInManaged (6ms)
			SetLoadedEditorAssemblies (5ms)
			RefreshPlugins (0ms)
			BeforeProcessingInitializeOnLoad (58ms)
			ProcessInitializeOnLoadAttributes (298ms)
			ProcessInitializeOnLoadMethodAttributes (21ms)
			AfterProcessingInitializeOnLoad (8ms)
			EditorAssembliesLoaded (0ms)
		ExecutionOrderSort2 (0ms)
		AwakeInstancesAfterBackupRestoration (10ms)
Refreshing native plugins compatible for Editor in 3.25 ms, found 3 plugins.
Preloading 0 native plugins for Editor in 0.00 ms.
Unloading 3086 Unused Serialized files (Serialized files now loaded: 0)
Unloading 22 unused Assets / (30.2 KB). Loaded Objects now: 3610.
Memory consumption went from 130.4 MB to 130.4 MB.
Total: 4.049700 ms (FindLiveObjects: 0.268700 ms CreateObjectMapping: 0.086100 ms MarkObjects: 3.642000 ms  DeleteObjects: 0.051300 ms)

Prepare: number of updated asset objects reloaded= 0
AssetImportParameters requested are different than current active one (requested -> active):
  custom:container-demuxer-ogg: 62fdf1f143b41e24485cea50d1cbac27 -> 
  custom:video-decoder-ogg-theora: a1e56fd34408186e4bbccfd4996cb3dc -> 
  custom:framework-win-MediaFoundation: 216162199b28c13a410421893ffa2e32 -> 
  custom:CustomObjectIndexerAttribute: 43b350a4d6e6d1791af0b5038c4bea17 -> 
  custom:container-demuxer-webm: 4f35f7cbe854078d1ac9338744f61a02 -> 
  custom:container-muxer-webm: aa71ff27fc2769a1b78a27578f13a17b -> 
  custom:video-decoder-webm-vp8: 9c59270c3fd7afecdb556c50c9e8de78 -> 
  custom:SearchIndexIgnoredProperties: e643bd26f0fe6173181afceb89e7c659 -> 
  custom:AudioImporter_EditorPlatform: d09bf68614088b80899f8185d706f6e7 -> 
  custom:video-encoder-webm-vp8: eb34c28f22e8b96e1ab97ce403110664 -> 
  custom:audio-decoder-ogg-vorbis: bf7c407c2cedff20999df2af8eb42d56 -> 
  custom:audio-encoder-webm-vorbis: bf7c407c2cedff20999df2af8eb42d56 -> 
